<?xml version="1.0" encoding="UTF-8"?>
<!-- Generated by org.testng.reporters.JUnitReportReporter -->
<testsuite hostname="DESKTOP-E27VPVB" failures="0" tests="1" name="eva.com.parrallel.Class1" time="29.615" errors="0" timestamp="2024-03-10T00:37:08 IST" skipped="0">
  <testcase classname="eva.com.parrallel.Class1" name="m1" time="29.615"/>
</testsuite> <!-- eva.com.parrallel.Class1 -->
