<?xml version="1.0" encoding="UTF-8"?>
<!-- Generated by org.testng.reporters.JUnitReportReporter -->
<testsuite hostname="DESKTOP-E27VPVB" failures="0" tests="1" name="eva.com.parrallel.Class2" time="11.957" errors="0" timestamp="2024-03-10T00:37:08 IST" skipped="0">
  <testcase classname="eva.com.parrallel.Class2" name="m4" time="11.957"/>
</testsuite> <!-- eva.com.parrallel.Class2 -->
