<?xml version="1.0" encoding="UTF-8"?>
<!-- Generated by org.testng.reporters.JUnitReportReporter -->
<testsuite hostname="DESKTOP-E27VPVB" failures="0" tests="4" name="com.eva.listener.NormalClass" time="83.644" errors="0" timestamp="2024-03-19T11:08:44 IST" skipped="0">
  <testcase classname="com.eva.listener.NormalClass" name="m1" time="22.894"/>
  <testcase classname="com.eva.listener.NormalClass" name="m1" time="20.730"/>
  <testcase classname="com.eva.listener.NormalClass" name="m1" time="23.688"/>
  <testcase classname="com.eva.listener.NormalClass" name="m1" time="16.332"/>
</testsuite> <!-- com.eva.listener.NormalClass -->
