<?xml version="1.0" encoding="UTF-8"?>
<!-- Generated by org.testng.reporters.JUnitReportReporter -->
<testsuite hostname="DESKTOP-E27VPVB" failures="0" tests="3" name="com.evs.vtiger.testScript.Marketing" time="63.101" errors="0" timestamp="2024-03-15T11:00:15 IST" skipped="0">
  <testcase classname="com.evs.vtiger.testScript.Marketing" name="vt001AccountCreation" time="19.204"/>
  <testcase classname="com.evs.vtiger.testScript.Marketing" name="vt001AccountCreation" time="18.590"/>
  <testcase classname="com.evs.vtiger.testScript.Marketing" name="vt001AccountCreation" time="25.307"/>
</testsuite> <!-- com.evs.vtiger.testScript.Marketing -->
